<?xml version="1.0" encoding="UTF-8"?>
<coverage generated="1783792581343" clover="3.2.0">
  <project timestamp="1783792581343" name="All files">
    <metrics statements="79" coveredstatements="77" conditionals="72" coveredconditionals="69" methods="12" coveredmethods="12" elements="163" coveredelements="158" complexity="0" loc="79" ncloc="79" packages="2" files="3" classes="3"/>
    <package name="engine">
      <metrics statements="75" coveredstatements="73" conditionals="72" coveredconditionals="69" methods="11" coveredmethods="11"/>
      <file name="stateMachine.ts" path="D:\AIcoding\TestPro\src\engine\stateMachine.ts">
        <metrics statements="49" coveredstatements="47" conditionals="58" coveredconditionals="56" methods="4" coveredmethods="4"/>
        <line num="27" count="52" type="stmt"/>
        <line num="29" count="52" type="cond" truecount="7" falsecount="0"/>
        <line num="34" count="7" type="cond" truecount="4" falsecount="0"/>
        <line num="35" count="2" type="stmt"/>
        <line num="41" count="5" type="stmt"/>
        <line num="51" count="6" type="cond" truecount="2" falsecount="0"/>
        <line num="52" count="3" type="stmt"/>
        <line num="57" count="3" type="stmt"/>
        <line num="67" count="6" type="cond" truecount="2" falsecount="0"/>
        <line num="68" count="4" type="stmt"/>
        <line num="73" count="2" type="stmt"/>
        <line num="83" count="7" type="cond" truecount="2" falsecount="0"/>
        <line num="84" count="5" type="cond" truecount="2" falsecount="0"/>
        <line num="86" count="1" type="stmt"/>
        <line num="96" count="4" type="stmt"/>
        <line num="105" count="2" type="stmt"/>
        <line num="115" count="11" type="stmt"/>
        <line num="121" count="14" type="cond" truecount="2" falsecount="0"/>
        <line num="122" count="2" type="stmt"/>
        <line num="128" count="12" type="stmt"/>
        <line num="131" count="1" type="stmt"/>
        <line num="143" count="11" type="stmt"/>
        <line num="145" count="11" type="cond" truecount="5" falsecount="0"/>
        <line num="146" count="4" type="cond" truecount="2" falsecount="0"/>
        <line num="147" count="2" type="stmt"/>
        <line num="158" count="2" type="stmt"/>
        <line num="169" count="7" type="cond" truecount="5" falsecount="0"/>
        <line num="170" count="3" type="stmt"/>
        <line num="181" count="4" type="cond" truecount="5" falsecount="0"/>
        <line num="183" count="3" type="stmt"/>
        <line num="193" count="1" type="stmt"/>
        <line num="207" count="12" type="stmt"/>
        <line num="209" count="12" type="cond" truecount="4" falsecount="0"/>
        <line num="211" count="5" type="stmt"/>
        <line num="222" count="7" type="cond" truecount="4" falsecount="0"/>
        <line num="224" count="3" type="stmt"/>
        <line num="235" count="4" type="cond" truecount="2" falsecount="0"/>
        <line num="237" count="2" type="stmt"/>
        <line num="247" count="2" type="cond" truecount="1" falsecount="1"/>
        <line num="249" count="2" type="stmt"/>
        <line num="259" count="0" type="stmt"/>
        <line num="277" count="5" type="stmt"/>
        <line num="279" count="5" type="cond" truecount="2" falsecount="0"/>
        <line num="280" count="3" type="cond" truecount="2" falsecount="0"/>
        <line num="281" count="1" type="stmt"/>
        <line num="286" count="2" type="stmt"/>
        <line num="292" count="2" type="cond" truecount="3" falsecount="1"/>
        <line num="293" count="2" type="stmt"/>
        <line num="299" count="0" type="stmt"/>
      </file>
      <file name="timerEngine.ts" path="D:\AIcoding\TestPro\src\engine\timerEngine.ts">
        <metrics statements="26" coveredstatements="26" conditionals="14" coveredconditionals="13" methods="7" coveredmethods="7"/>
        <line num="28" count="27" type="cond" truecount="4" falsecount="0"/>
        <line num="29" count="2" type="stmt"/>
        <line num="32" count="25" type="stmt"/>
        <line num="35" count="25" type="stmt"/>
        <line num="36" count="25" type="stmt"/>
        <line num="45" count="37" type="cond" truecount="4" falsecount="0"/>
        <line num="47" count="4" type="stmt"/>
        <line num="50" count="33" type="cond" truecount="2" falsecount="0"/>
        <line num="52" count="4" type="stmt"/>
        <line num="56" count="29" type="stmt"/>
        <line num="57" count="29" type="stmt"/>
        <line num="58" count="29" type="stmt"/>
        <line num="59" count="29" type="stmt"/>
        <line num="66" count="22" type="stmt"/>
        <line num="67" count="22" type="stmt"/>
        <line num="75" count="8" type="cond" truecount="2" falsecount="0"/>
        <line num="76" count="7" type="stmt"/>
        <line num="86" count="4" type="cond" truecount="1" falsecount="1"/>
        <line num="90" count="4" type="stmt"/>
        <line num="91" count="4" type="stmt"/>
        <line num="92" count="4" type="stmt"/>
        <line num="100" count="2" type="stmt"/>
        <line num="101" count="2" type="stmt"/>
        <line num="108" count="9" type="stmt"/>
        <line num="109" count="9" type="stmt"/>
        <line num="115" count="25" type="stmt"/>
      </file>
    </package>
    <package name="types">
      <metrics statements="4" coveredstatements="4" conditionals="0" coveredconditionals="0" methods="1" coveredmethods="1"/>
      <file name="timer.ts" path="D:\AIcoding\TestPro\src\types\timer.ts">
        <metrics statements="4" coveredstatements="4" conditionals="0" coveredconditionals="0" methods="1" coveredmethods="1"/>
        <line num="67" count="16" type="stmt"/>
        <line num="68" count="16" type="stmt"/>
        <line num="70" count="16" type="stmt"/>
        <line num="71" count="16" type="stmt"/>
      </file>
    </package>
  </project>
</coverage>
