{"D:\\AIcoding\\TestPro\\src\\engine\\stateMachine.ts": {"path":"D:\\AIcoding\\TestPro\\src\\engine\\stateMachine.ts","statementMap":{"0":{"start":{"line":27,"column":48},"end":{"line":27,"column":null}},"1":{"start":{"line":29,"column":2},"end":{"line":136,"column":null}},"2":{"start":{"line":34,"column":6},"end":{"line":40,"column":null}},"3":{"start":{"line":35,"column":8},"end":{"line":39,"column":null}},"4":{"start":{"line":41,"column":6},"end":{"line":45,"column":null}},"5":{"start":{"line":51,"column":6},"end":{"line":56,"column":null}},"6":{"start":{"line":52,"column":8},"end":{"line":55,"column":null}},"7":{"start":{"line":57,"column":6},"end":{"line":61,"column":null}},"8":{"start":{"line":67,"column":6},"end":{"line":72,"column":null}},"9":{"start":{"line":68,"column":8},"end":{"line":71,"column":null}},"10":{"start":{"line":73,"column":6},"end":{"line":77,"column":null}},"11":{"start":{"line":83,"column":6},"end":{"line":104,"column":null}},"12":{"start":{"line":84,"column":8},"end":{"line":94,"column":null}},"13":{"start":{"line":86,"column":10},"end":{"line":93,"column":null}},"14":{"start":{"line":96,"column":8},"end":{"line":103,"column":null}},"15":{"start":{"line":105,"column":6},"end":{"line":109,"column":null}},"16":{"start":{"line":115,"column":6},"end":{"line":115,"column":null}},"17":{"start":{"line":121,"column":6},"end":{"line":127,"column":null}},"18":{"start":{"line":122,"column":8},"end":{"line":126,"column":null}},"19":{"start":{"line":128,"column":6},"end":{"line":128,"column":null}},"20":{"start":{"line":131,"column":6},"end":{"line":135,"column":null}},"21":{"start":{"line":143,"column":48},"end":{"line":143,"column":null}},"22":{"start":{"line":145,"column":2},"end":{"line":167,"column":null}},"23":{"start":{"line":146,"column":4},"end":{"line":156,"column":null}},"24":{"start":{"line":147,"column":6},"end":{"line":155,"column":null}},"25":{"start":{"line":158,"column":4},"end":{"line":166,"column":null}},"26":{"start":{"line":169,"column":2},"end":{"line":179,"column":null}},"27":{"start":{"line":170,"column":4},"end":{"line":178,"column":null}},"28":{"start":{"line":181,"column":2},"end":{"line":191,"column":null}},"29":{"start":{"line":183,"column":4},"end":{"line":190,"column":null}},"30":{"start":{"line":193,"column":2},"end":{"line":197,"column":null}},"31":{"start":{"line":207,"column":40},"end":{"line":207,"column":null}},"32":{"start":{"line":209,"column":2},"end":{"line":220,"column":null}},"33":{"start":{"line":211,"column":4},"end":{"line":219,"column":null}},"34":{"start":{"line":222,"column":2},"end":{"line":233,"column":null}},"35":{"start":{"line":224,"column":4},"end":{"line":232,"column":null}},"36":{"start":{"line":235,"column":2},"end":{"line":245,"column":null}},"37":{"start":{"line":237,"column":4},"end":{"line":244,"column":null}},"38":{"start":{"line":247,"column":2},"end":{"line":257,"column":null}},"39":{"start":{"line":249,"column":4},"end":{"line":256,"column":null}},"40":{"start":{"line":259,"column":2},"end":{"line":263,"column":null}},"41":{"start":{"line":277,"column":40},"end":{"line":277,"column":null}},"42":{"start":{"line":279,"column":2},"end":{"line":290,"column":null}},"43":{"start":{"line":280,"column":4},"end":{"line":285,"column":null}},"44":{"start":{"line":281,"column":6},"end":{"line":284,"column":null}},"45":{"start":{"line":286,"column":4},"end":{"line":289,"column":null}},"46":{"start":{"line":292,"column":2},"end":{"line":297,"column":null}},"47":{"start":{"line":293,"column":4},"end":{"line":296,"column":null}},"48":{"start":{"line":299,"column":2},"end":{"line":302,"column":null}}},"fnMap":{"0":{"name":"transition","decl":{"start":{"line":22,"column":16},"end":{"line":22,"column":null}},"loc":{"start":{"line":26,"column":14},"end":{"line":137,"column":null}},"line":26},"1":{"name":"handleSkip","decl":{"start":{"line":142,"column":9},"end":{"line":142,"column":20}},"loc":{"start":{"line":142,"column":77},"end":{"line":198,"column":null}},"line":142},"2":{"name":"handleTimerComplete","decl":{"start":{"line":203,"column":9},"end":{"line":203,"column":null}},"loc":{"start":{"line":206,"column":14},"end":{"line":264,"column":null}},"line":206},"3":{"name":"getNextPhase","decl":{"start":{"line":273,"column":16},"end":{"line":273,"column":null}},"loc":{"start":{"line":276,"column":45},"end":{"line":303,"column":null}},"line":276}},"branchMap":{"0":{"loc":{"start":{"line":29,"column":2},"end":{"line":136,"column":null}},"type":"switch","locations":[{"start":{"line":33,"column":4},"end":{"line":45,"column":null}},{"start":{"line":50,"column":4},"end":{"line":61,"column":null}},{"start":{"line":66,"column":4},"end":{"line":77,"column":null}},{"start":{"line":82,"column":4},"end":{"line":109,"column":null}},{"start":{"line":114,"column":4},"end":{"line":115,"column":null}},{"start":{"line":120,"column":4},"end":{"line":128,"column":null}},{"start":{"line":130,"column":4},"end":{"line":135,"column":null}}],"line":29},"1":{"loc":{"start":{"line":34,"column":6},"end":{"line":40,"column":null}},"type":"if","locations":[{"start":{"line":34,"column":6},"end":{"line":40,"column":null}},{"start":{},"end":{}}],"line":34},"2":{"loc":{"start":{"line":34,"column":10},"end":{"line":34,"column":49}},"type":"binary-expr","locations":[{"start":{"line":34,"column":10},"end":{"line":34,"column":30}},{"start":{"line":34,"column":30},"end":{"line":34,"column":49}}],"line":34},"3":{"loc":{"start":{"line":51,"column":6},"end":{"line":56,"column":null}},"type":"if","locations":[{"start":{"line":51,"column":6},"end":{"line":56,"column":null}},{"start":{},"end":{}}],"line":51},"4":{"loc":{"start":{"line":67,"column":6},"end":{"line":72,"column":null}},"type":"if","locations":[{"start":{"line":67,"column":6},"end":{"line":72,"column":null}},{"start":{},"end":{}}],"line":67},"5":{"loc":{"start":{"line":83,"column":6},"end":{"line":104,"column":null}},"type":"if","locations":[{"start":{"line":83,"column":6},"end":{"line":104,"column":null}},{"start":{},"end":{}}],"line":83},"6":{"loc":{"start":{"line":84,"column":8},"end":{"line":94,"column":null}},"type":"if","locations":[{"start":{"line":84,"column":8},"end":{"line":94,"column":null}},{"start":{},"end":{}}],"line":84},"7":{"loc":{"start":{"line":121,"column":6},"end":{"line":127,"column":null}},"type":"if","locations":[{"start":{"line":121,"column":6},"end":{"line":127,"column":null}},{"start":{},"end":{}}],"line":121},"8":{"loc":{"start":{"line":145,"column":2},"end":{"line":167,"column":null}},"type":"if","locations":[{"start":{"line":145,"column":2},"end":{"line":167,"column":null}},{"start":{},"end":{}}],"line":145},"9":{"loc":{"start":{"line":145,"column":6},"end":{"line":145,"column":73}},"type":"binary-expr","locations":[{"start":{"line":145,"column":6},"end":{"line":145,"column":27}},{"start":{"line":145,"column":27},"end":{"line":145,"column":51}},{"start":{"line":145,"column":51},"end":{"line":145,"column":73}}],"line":145},"10":{"loc":{"start":{"line":146,"column":4},"end":{"line":156,"column":null}},"type":"if","locations":[{"start":{"line":146,"column":4},"end":{"line":156,"column":null}},{"start":{},"end":{}}],"line":146},"11":{"loc":{"start":{"line":169,"column":2},"end":{"line":179,"column":null}},"type":"if","locations":[{"start":{"line":169,"column":2},"end":{"line":179,"column":null}},{"start":{},"end":{}}],"line":169},"12":{"loc":{"start":{"line":169,"column":6},"end":{"line":169,"column":80}},"type":"binary-expr","locations":[{"start":{"line":169,"column":6},"end":{"line":169,"column":34}},{"start":{"line":169,"column":34},"end":{"line":169,"column":58}},{"start":{"line":169,"column":58},"end":{"line":169,"column":80}}],"line":169},"13":{"loc":{"start":{"line":181,"column":2},"end":{"line":191,"column":null}},"type":"if","locations":[{"start":{"line":181,"column":2},"end":{"line":191,"column":null}},{"start":{},"end":{}}],"line":181},"14":{"loc":{"start":{"line":181,"column":6},"end":{"line":181,"column":79}},"type":"binary-expr","locations":[{"start":{"line":181,"column":6},"end":{"line":181,"column":33}},{"start":{"line":181,"column":33},"end":{"line":181,"column":57}},{"start":{"line":181,"column":57},"end":{"line":181,"column":79}}],"line":181},"15":{"loc":{"start":{"line":209,"column":2},"end":{"line":220,"column":null}},"type":"if","locations":[{"start":{"line":209,"column":2},"end":{"line":220,"column":null}},{"start":{},"end":{}}],"line":209},"16":{"loc":{"start":{"line":209,"column":6},"end":{"line":209,"column":50}},"type":"binary-expr","locations":[{"start":{"line":209,"column":6},"end":{"line":209,"column":26}},{"start":{"line":209,"column":26},"end":{"line":209,"column":50}}],"line":209},"17":{"loc":{"start":{"line":222,"column":2},"end":{"line":233,"column":null}},"type":"if","locations":[{"start":{"line":222,"column":2},"end":{"line":233,"column":null}},{"start":{},"end":{}}],"line":222},"18":{"loc":{"start":{"line":222,"column":6},"end":{"line":222,"column":52}},"type":"binary-expr","locations":[{"start":{"line":222,"column":6},"end":{"line":222,"column":26}},{"start":{"line":222,"column":26},"end":{"line":222,"column":52}}],"line":222},"19":{"loc":{"start":{"line":235,"column":2},"end":{"line":245,"column":null}},"type":"if","locations":[{"start":{"line":235,"column":2},"end":{"line":245,"column":null}},{"start":{},"end":{}}],"line":235},"20":{"loc":{"start":{"line":247,"column":2},"end":{"line":257,"column":null}},"type":"if","locations":[{"start":{"line":247,"column":2},"end":{"line":257,"column":null}},{"start":{},"end":{}}],"line":247},"21":{"loc":{"start":{"line":279,"column":2},"end":{"line":290,"column":null}},"type":"if","locations":[{"start":{"line":279,"column":2},"end":{"line":290,"column":null}},{"start":{},"end":{}}],"line":279},"22":{"loc":{"start":{"line":280,"column":4},"end":{"line":285,"column":null}},"type":"if","locations":[{"start":{"line":280,"column":4},"end":{"line":285,"column":null}},{"start":{},"end":{}}],"line":280},"23":{"loc":{"start":{"line":292,"column":2},"end":{"line":297,"column":null}},"type":"if","locations":[{"start":{"line":292,"column":2},"end":{"line":297,"column":null}},{"start":{},"end":{}}],"line":292},"24":{"loc":{"start":{"line":292,"column":6},"end":{"line":292,"column":57}},"type":"binary-expr","locations":[{"start":{"line":292,"column":6},"end":{"line":292,"column":33}},{"start":{"line":292,"column":33},"end":{"line":292,"column":57}}],"line":292}},"s":{"0":52,"1":52,"2":7,"3":2,"4":5,"5":6,"6":3,"7":3,"8":6,"9":4,"10":2,"11":7,"12":5,"13":1,"14":4,"15":2,"16":11,"17":14,"18":2,"19":12,"20":1,"21":11,"22":11,"23":4,"24":2,"25":2,"26":7,"27":3,"28":4,"29":3,"30":1,"31":12,"32":12,"33":5,"34":7,"35":3,"36":4,"37":2,"38":2,"39":2,"40":0,"41":5,"42":5,"43":3,"44":1,"45":2,"46":2,"47":2,"48":0},"f":{"0":52,"1":11,"2":12,"3":5},"b":{"0":[7,6,6,7,11,14,1],"1":[2,5],"2":[7,4],"3":[3,3],"4":[4,2],"5":[5,2],"6":[1,4],"7":[2,12],"8":[4,7],"9":[11,5,3],"10":[2,2],"11":[3,4],"12":[7,3,1],"13":[3,1],"14":[4,3,1],"15":[5,7],"16":[12,8],"17":[3,4],"18":[7,3],"19":[2,2],"20":[2,0],"21":[3,2],"22":[1,2],"23":[2,0],"24":[2,1]},"meta":{"lastBranch":25,"lastFunction":4,"lastStatement":49,"seen":{"f:22:16:22:Infinity":0,"s:27:48:27:Infinity":0,"b:33:4:45:Infinity:50:4:61:Infinity:66:4:77:Infinity:82:4:109:Infinity:114:4:115:Infinity:120:4:128:Infinity:130:4:135:Infinity":0,"s:29:2:136:Infinity":1,"b:34:6:40:Infinity:undefined:undefined:undefined:undefined":1,"s:34:6:40:Infinity":2,"b:34:10:34:30:34:30:34:49":2,"s:35:8:39:Infinity":3,"s:41:6:45:Infinity":4,"b:51:6:56:Infinity:undefined:undefined:undefined:undefined":3,"s:51:6:56:Infinity":5,"s:52:8:55:Infinity":6,"s:57:6:61:Infinity":7,"b:67:6:72:Infinity:undefined:undefined:undefined:undefined":4,"s:67:6:72:Infinity":8,"s:68:8:71:Infinity":9,"s:73:6:77:Infinity":10,"b:83:6:104:Infinity:undefined:undefined:undefined:undefined":5,"s:83:6:104:Infinity":11,"b:84:8:94:Infinity:undefined:undefined:undefined:undefined":6,"s:84:8:94:Infinity":12,"s:86:10:93:Infinity":13,"s:96:8:103:Infinity":14,"s:105:6:109:Infinity":15,"s:115:6:115:Infinity":16,"b:121:6:127:Infinity:undefined:undefined:undefined:undefined":7,"s:121:6:127:Infinity":17,"s:122:8:126:Infinity":18,"s:128:6:128:Infinity":19,"s:131:6:135:Infinity":20,"f:142:9:142:20":1,"s:143:48:143:Infinity":21,"b:145:2:167:Infinity:undefined:undefined:undefined:undefined":8,"s:145:2:167:Infinity":22,"b:145:6:145:27:145:27:145:51:145:51:145:73":9,"b:146:4:156:Infinity:undefined:undefined:undefined:undefined":10,"s:146:4:156:Infinity":23,"s:147:6:155:Infinity":24,"s:158:4:166:Infinity":25,"b:169:2:179:Infinity:undefined:undefined:undefined:undefined":11,"s:169:2:179:Infinity":26,"b:169:6:169:34:169:34:169:58:169:58:169:80":12,"s:170:4:178:Infinity":27,"b:181:2:191:Infinity:undefined:undefined:undefined:undefined":13,"s:181:2:191:Infinity":28,"b:181:6:181:33:181:33:181:57:181:57:181:79":14,"s:183:4:190:Infinity":29,"s:193:2:197:Infinity":30,"f:203:9:203:Infinity":2,"s:207:40:207:Infinity":31,"b:209:2:220:Infinity:undefined:undefined:undefined:undefined":15,"s:209:2:220:Infinity":32,"b:209:6:209:26:209:26:209:50":16,"s:211:4:219:Infinity":33,"b:222:2:233:Infinity:undefined:undefined:undefined:undefined":17,"s:222:2:233:Infinity":34,"b:222:6:222:26:222:26:222:52":18,"s:224:4:232:Infinity":35,"b:235:2:245:Infinity:undefined:undefined:undefined:undefined":19,"s:235:2:245:Infinity":36,"s:237:4:244:Infinity":37,"b:247:2:257:Infinity:undefined:undefined:undefined:undefined":20,"s:247:2:257:Infinity":38,"s:249:4:256:Infinity":39,"s:259:2:263:Infinity":40,"f:273:16:273:Infinity":3,"s:277:40:277:Infinity":41,"b:279:2:290:Infinity:undefined:undefined:undefined:undefined":21,"s:279:2:290:Infinity":42,"b:280:4:285:Infinity:undefined:undefined:undefined:undefined":22,"s:280:4:285:Infinity":43,"s:281:6:284:Infinity":44,"s:286:4:289:Infinity":45,"b:292:2:297:Infinity:undefined:undefined:undefined:undefined":23,"s:292:2:297:Infinity":46,"b:292:6:292:33:292:33:292:57":24,"s:293:4:296:Infinity":47,"s:299:2:302:Infinity":48},"fnNames":{}}}
,"D:\\AIcoding\\TestPro\\src\\engine\\timerEngine.ts": {"path":"D:\\AIcoding\\TestPro\\src\\engine\\timerEngine.ts","statementMap":{"0":{"start":{"line":28,"column":2},"end":{"line":30,"column":null}},"1":{"start":{"line":29,"column":4},"end":{"line":29,"column":null}},"2":{"start":{"line":32,"column":24},"end":{"line":32,"column":null}},"3":{"start":{"line":35,"column":33},"end":{"line":35,"column":null}},"4":{"start":{"line":36,"column":40},"end":{"line":36,"column":null}},"5":{"start":{"line":45,"column":4},"end":{"line":48,"column":null}},"6":{"start":{"line":47,"column":6},"end":{"line":47,"column":null}},"7":{"start":{"line":50,"column":4},"end":{"line":53,"column":null}},"8":{"start":{"line":52,"column":6},"end":{"line":52,"column":null}},"9":{"start":{"line":56,"column":22},"end":{"line":56,"column":null}},"10":{"start":{"line":57,"column":27},"end":{"line":57,"column":null}},"11":{"start":{"line":58,"column":22},"end":{"line":58,"column":null}},"12":{"start":{"line":59,"column":4},"end":{"line":59,"column":null}},"13":{"start":{"line":66,"column":4},"end":{"line":66,"column":null}},"14":{"start":{"line":67,"column":4},"end":{"line":67,"column":null}},"15":{"start":{"line":75,"column":4},"end":{"line":77,"column":null}},"16":{"start":{"line":76,"column":6},"end":{"line":76,"column":null}},"17":{"start":{"line":86,"column":4},"end":{"line":93,"column":null}},"18":{"start":{"line":90,"column":12},"end":{"line":90,"column":null}},"19":{"start":{"line":91,"column":6},"end":{"line":91,"column":null}},"20":{"start":{"line":92,"column":6},"end":{"line":92,"column":null}},"21":{"start":{"line":100,"column":4},"end":{"line":100,"column":null}},"22":{"start":{"line":101,"column":4},"end":{"line":101,"column":null}},"23":{"start":{"line":108,"column":22},"end":{"line":108,"column":null}},"24":{"start":{"line":109,"column":4},"end":{"line":112,"column":null}},"25":{"start":{"line":115,"column":2},"end":{"line":122,"column":null}}},"fnMap":{"0":{"name":"createTimerEngine","decl":{"start":{"line":27,"column":16},"end":{"line":27,"column":34}},"loc":{"start":{"line":27,"column":71},"end":{"line":123,"column":null}},"line":27},"1":{"name":"getRemainingSeconds","decl":{"start":{"line":44,"column":11},"end":{"line":44,"column":31}},"loc":{"start":{"line":44,"column":52},"end":{"line":60,"column":null}},"line":44},"2":{"name":"start","decl":{"start":{"line":65,"column":11},"end":{"line":65,"column":17}},"loc":{"start":{"line":65,"column":36},"end":{"line":68,"column":null}},"line":65},"3":{"name":"pause","decl":{"start":{"line":74,"column":11},"end":{"line":74,"column":17}},"loc":{"start":{"line":74,"column":36},"end":{"line":79,"column":null}},"line":74},"4":{"name":"resume","decl":{"start":{"line":85,"column":11},"end":{"line":85,"column":18}},"loc":{"start":{"line":85,"column":37},"end":{"line":94,"column":null}},"line":85},"5":{"name":"reset","decl":{"start":{"line":99,"column":11},"end":{"line":99,"column":25}},"loc":{"start":{"line":99,"column":25},"end":{"line":102,"column":null}},"line":99},"6":{"name":"tick","decl":{"start":{"line":107,"column":11},"end":{"line":107,"column":16}},"loc":{"start":{"line":107,"column":41},"end":{"line":113,"column":null}},"line":107}},"branchMap":{"0":{"loc":{"start":{"line":28,"column":2},"end":{"line":30,"column":null}},"type":"if","locations":[{"start":{"line":28,"column":2},"end":{"line":30,"column":null}},{"start":{},"end":{}}],"line":28},"1":{"loc":{"start":{"line":28,"column":6},"end":{"line":28,"column":57}},"type":"binary-expr","locations":[{"start":{"line":28,"column":6},"end":{"line":28,"column":17}},{"start":{"line":28,"column":17},"end":{"line":28,"column":57}}],"line":28},"2":{"loc":{"start":{"line":45,"column":4},"end":{"line":48,"column":null}},"type":"if","locations":[{"start":{"line":45,"column":4},"end":{"line":48,"column":null}},{"start":{},"end":{}}],"line":45},"3":{"loc":{"start":{"line":45,"column":8},"end":{"line":45,"column":57}},"type":"binary-expr","locations":[{"start":{"line":45,"column":8},"end":{"line":45,"column":30}},{"start":{"line":45,"column":30},"end":{"line":45,"column":57}}],"line":45},"4":{"loc":{"start":{"line":50,"column":4},"end":{"line":53,"column":null}},"type":"if","locations":[{"start":{"line":50,"column":4},"end":{"line":53,"column":null}},{"start":{},"end":{}}],"line":50},"5":{"loc":{"start":{"line":75,"column":4},"end":{"line":77,"column":null}},"type":"if","locations":[{"start":{"line":75,"column":4},"end":{"line":77,"column":null}},{"start":{},"end":{}}],"line":75},"6":{"loc":{"start":{"line":86,"column":4},"end":{"line":93,"column":null}},"type":"if","locations":[{"start":{"line":86,"column":4},"end":{"line":93,"column":null}},{"start":{},"end":{}}],"line":86}},"s":{"0":27,"1":2,"2":25,"3":25,"4":25,"5":37,"6":4,"7":33,"8":4,"9":29,"10":29,"11":29,"12":29,"13":22,"14":22,"15":8,"16":7,"17":4,"18":4,"19":4,"20":4,"21":2,"22":2,"23":9,"24":9,"25":25},"f":{"0":27,"1":37,"2":22,"3":8,"4":4,"5":2,"6":9},"b":{"0":[2,25],"1":[27,25],"2":[4,33],"3":[37,4],"4":[4,29],"5":[7,1],"6":[4,0]},"meta":{"lastBranch":7,"lastFunction":7,"lastStatement":26,"seen":{"f:27:16:27:34":0,"b:28:2:30:Infinity:undefined:undefined:undefined:undefined":0,"s:28:2:30:Infinity":0,"b:28:6:28:17:28:17:28:57":1,"s:29:4:29:Infinity":1,"s:32:24:32:Infinity":2,"s:35:33:35:Infinity":3,"s:36:40:36:Infinity":4,"f:44:11:44:31":1,"b:45:4:48:Infinity:undefined:undefined:undefined:undefined":2,"s:45:4:48:Infinity":5,"b:45:8:45:30:45:30:45:57":3,"s:47:6:47:Infinity":6,"b:50:4:53:Infinity:undefined:undefined:undefined:undefined":4,"s:50:4:53:Infinity":7,"s:52:6:52:Infinity":8,"s:56:22:56:Infinity":9,"s:57:27:57:Infinity":10,"s:58:22:58:Infinity":11,"s:59:4:59:Infinity":12,"f:65:11:65:17":2,"s:66:4:66:Infinity":13,"s:67:4:67:Infinity":14,"f:74:11:74:17":3,"b:75:4:77:Infinity:undefined:undefined:undefined:undefined":5,"s:75:4:77:Infinity":15,"s:76:6:76:Infinity":16,"f:85:11:85:18":4,"b:86:4:93:Infinity:undefined:undefined:undefined:undefined":6,"s:86:4:93:Infinity":17,"s:90:12:90:Infinity":18,"s:91:6:91:Infinity":19,"s:92:6:92:Infinity":20,"f:99:11:99:25":5,"s:100:4:100:Infinity":21,"s:101:4:101:Infinity":22,"f:107:11:107:16":6,"s:108:22:108:Infinity":23,"s:109:4:112:Infinity":24,"s:115:2:122:Infinity":25},"fnNames":{}}}
,"D:\\AIcoding\\TestPro\\src\\types\\timer.ts": {"path":"D:\\AIcoding\\TestPro\\src\\types\\timer.ts","statementMap":{"0":{"start":{"line":70,"column":4},"end":{"line":70,"column":null}},"1":{"start":{"line":67,"column":20},"end":{"line":67,"column":null}},"2":{"start":{"line":68,"column":20},"end":{"line":68,"column":null}},"3":{"start":{"line":71,"column":4},"end":{"line":71,"column":null}}},"fnMap":{"0":{"name":"constructor","decl":{"start":{"line":65,"column":2},"end":{"line":65,"column":null}},"loc":{"start":{"line":69,"column":4},"end":{"line":72,"column":null}},"line":69}},"branchMap":{},"s":{"0":16,"1":16,"2":16,"3":16},"f":{"0":16},"b":{},"meta":{"lastBranch":0,"lastFunction":1,"lastStatement":4,"seen":{"f:65:2:65:Infinity":0,"s:70:4:70:Infinity":0,"s:67:20:67:Infinity":1,"s:68:20:68:Infinity":2,"s:71:4:71:Infinity":3},"fnNames":{}}}
}
